<?xml version="1.0" encoding="UTF-8"?>
<!-- Generated by org.testng.reporters.JUnitReportReporter -->
<testsuite skipped="0" hostname="DESKTOP-TP1HFNU" name="com.automationPracticeTest.HomepageTestAP" tests="4" failures="0" timestamp="27 Dec 2019 07:27:38 GMT" time="10.990" errors="0">
  <testcase name="verifywomen" time="1.314" classname="com.automationPracticeTest.HomepageTestAP"/>
  <testcase name="verifynewsletter" time="3.433" classname="com.automationPracticeTest.HomepageTestAP"/>
  <testcase name="verifydress" time="2.792" classname="com.automationPracticeTest.HomepageTestAP"/>
  <testcase name="veriftshirt" time="3.451" classname="com.automationPracticeTest.HomepageTestAP"/>
</testsuite> <!-- com.automationPracticeTest.HomepageTestAP -->
