<?xml version="1.0" encoding="UTF-8"?>
<!-- Generated by org.testng.reporters.JUnitReportReporter -->
<testsuite skipped="0" hostname="DESKTOP-TP1HFNU" name="com.automationPracticeTest.Annotationsp" tests="2" failures="0" timestamp="03 Jan 2020 15:00:35 GMT" time="0.005" errors="0">
  <testcase name="testCase1" time="0.002" classname="com.automationPracticeTest.Annotationsp"/>
  <testcase name="testCase2" time="0.003" classname="com.automationPracticeTest.Annotationsp"/>
</testsuite> <!-- com.automationPracticeTest.Annotationsp -->
