<?xml version="1.0" encoding="UTF-8"?>
<!-- Generated by org.testng.reporters.JUnitReportReporter -->
<testsuite skipped="0" hostname="DESKTOP-TP1HFNU" name="com.automationPracticeTest.DetailTestAP" tests="1" failures="0" timestamp="28 Dec 2019 05:06:56 GMT" time="4.269" errors="0">
  <testcase name="verifytwtshare" time="4.269" classname="com.automationPracticeTest.DetailTestAP"/>
</testsuite> <!-- com.automationPracticeTest.DetailTestAP -->
