<?xml version="1.0" encoding="UTF-8"?>
<!-- Generated by org.testng.reporters.JUnitReportReporter -->
<testsuite skipped="0" hostname="DESKTOP-TP1HFNU" name="com.app.tests.HomePageTest" tests="1" failures="0" timestamp="23 Dec 2019 08:25:34 GMT" time="2.473" errors="0">
  <testcase name="useNameInsert" time="2.473" classname="com.app.tests.HomePageTest"/>
</testsuite> <!-- com.app.tests.HomePageTest -->
